<?xml version="1.0" encoding="UTF-8"?>
<testsuite xmlns:xsi="http://www.w3.org/2001/XMLSchema-instance" xsi:noNamespaceSchemaLocation="https://maven.apache.org/surefire/maven-surefire-plugin/xsd/surefire-test-report.xsd" name="in.ineuron.AppTest" time="0.066" tests="1" errors="0" skipped="0" failures="0">
  <properties>
    <property name="sun.desktop" value="windows"/>
    <property name="awt.toolkit" value="sun.awt.windows.WToolkit"/>
    <property name="file.encoding.pkg" value="sun.io"/>
    <property name="java.specification.version" value="1.8"/>
    <property name="sun.cpu.isalist" value="amd64"/>
    <property name="sun.jnu.encoding" value="Cp1252"/>
    <property name="java.class.path" value="C:\Users\nalab\eclipse-workspace\SpringMavenProject\target\test-classes;C:\Users\nalab\eclipse-workspace\SpringMavenProject\target\classes;C:\Users\nalab\.m2\repository\junit\junit\4.11\junit-4.11.jar;C:\Users\nalab\.m2\repository\org\hamcrest\hamcrest-core\1.3\hamcrest-core-1.3.jar;C:\Users\nalab\.m2\repository\org\springframework\spring-context\5.2.21.RELEASE\spring-context-5.2.21.RELEASE.jar;C:\Users\nalab\.m2\repository\org\springframework\spring-aop\5.2.21.RELEASE\spring-aop-5.2.21.RELEASE.jar;C:\Users\nalab\.m2\repository\org\springframework\spring-beans\5.2.21.RELEASE\spring-beans-5.2.21.RELEASE.jar;C:\Users\nalab\.m2\repository\org\springframework\spring-core\5.2.21.RELEASE\spring-core-5.2.21.RELEASE.jar;C:\Users\nalab\.m2\repository\org\springframework\spring-jcl\5.2.21.RELEASE\spring-jcl-5.2.21.RELEASE.jar;C:\Users\nalab\.m2\repository\org\springframework\spring-expression\5.2.21.RELEASE\spring-expression-5.2.21.RELEASE.jar;C:\Users\nalab\.m2\repository\org\springframework\spring-jdbc\5.2.21.RELEASE\spring-jdbc-5.2.21.RELEASE.jar;C:\Users\nalab\.m2\repository\org\springframework\spring-tx\5.2.21.RELEASE\spring-tx-5.2.21.RELEASE.jar;C:\Users\nalab\.m2\repository\org\springframework\spring-orm\5.2.21.RELEASE\spring-orm-5.2.21.RELEASE.jar;C:\Users\nalab\.m2\repository\org\springframework\spring-webmvc\5.2.21.RELEASE\spring-webmvc-5.2.21.RELEASE.jar;C:\Users\nalab\.m2\repository\org\springframework\spring-web\5.2.21.RELEASE\spring-web-5.2.21.RELEASE.jar;C:\Users\nalab\.m2\repository\org\hibernate\hibernate-core\5.6.15.Final\hibernate-core-5.6.15.Final.jar;C:\Users\nalab\.m2\repository\javax\persistence\javax.persistence-api\2.2\javax.persistence-api-2.2.jar;C:\Users\nalab\.m2\repository\net\bytebuddy\byte-buddy\1.12.18\byte-buddy-1.12.18.jar;C:\Users\nalab\.m2\repository\antlr\antlr\2.7.7\antlr-2.7.7.jar;C:\Users\nalab\.m2\repository\org\jboss\spec\javax\transaction\jboss-transaction-api_1.2_spec\1.1.1.Final\jboss-transaction-api_1.2_spec-1.1.1.Final.jar;C:\Users\nalab\.m2\repository\org\jboss\jandex\2.4.2.Final\jandex-2.4.2.Final.jar;C:\Users\nalab\.m2\repository\com\fasterxml\classmate\1.5.1\classmate-1.5.1.jar;C:\Users\nalab\.m2\repository\javax\activation\javax.activation-api\1.2.0\javax.activation-api-1.2.0.jar;C:\Users\nalab\.m2\repository\org\hibernate\common\hibernate-commons-annotations\5.1.2.Final\hibernate-commons-annotations-5.1.2.Final.jar;C:\Users\nalab\.m2\repository\javax\xml\bind\jaxb-api\2.3.1\jaxb-api-2.3.1.jar;C:\Users\nalab\.m2\repository\org\glassfish\jaxb\jaxb-runtime\2.3.1\jaxb-runtime-2.3.1.jar;C:\Users\nalab\.m2\repository\org\glassfish\jaxb\txw2\2.3.1\txw2-2.3.1.jar;C:\Users\nalab\.m2\repository\com\sun\istack\istack-commons-runtime\3.0.7\istack-commons-runtime-3.0.7.jar;C:\Users\nalab\.m2\repository\org\jvnet\staxex\stax-ex\1.8\stax-ex-1.8.jar;C:\Users\nalab\.m2\repository\com\sun\xml\fastinfoset\FastInfoset\1.2.15\FastInfoset-1.2.15.jar;"/>
    <property name="java.vm.vendor" value="Oracle Corporation"/>
    <property name="sun.arch.data.model" value="64"/>
    <property name="user.variant" value=""/>
    <property name="java.vendor.url" value="http://java.oracle.com/"/>
    <property name="user.timezone" value="America/Chicago"/>
    <property name="java.vm.specification.version" value="1.8"/>
    <property name="os.name" value="Windows 10"/>
    <property name="user.country" value="IN"/>
    <property name="sun.java.launcher" value="SUN_STANDARD"/>
    <property name="sun.boot.library.path" value="C:\Program Files\Java\jdk1.8.0_341\jre\bin"/>
    <property name="sun.java.command" value="C:\Users\nalab\AppData\Local\Temp\surefire4858247563306447852\surefirebooter2579391961612191949.jar C:\Users\nalab\AppData\Local\Temp\surefire4858247563306447852 2024-05-14T13-34-30_025-jvmRun1 surefire6222025973696076692tmp surefire_09141666459007370533tmp"/>
    <property name="surefire.test.class.path" value="C:\Users\nalab\eclipse-workspace\SpringMavenProject\target\test-classes;C:\Users\nalab\eclipse-workspace\SpringMavenProject\target\classes;C:\Users\nalab\.m2\repository\junit\junit\4.11\junit-4.11.jar;C:\Users\nalab\.m2\repository\org\hamcrest\hamcrest-core\1.3\hamcrest-core-1.3.jar;C:\Users\nalab\.m2\repository\org\springframework\spring-context\5.2.21.RELEASE\spring-context-5.2.21.RELEASE.jar;C:\Users\nalab\.m2\repository\org\springframework\spring-aop\5.2.21.RELEASE\spring-aop-5.2.21.RELEASE.jar;C:\Users\nalab\.m2\repository\org\springframework\spring-beans\5.2.21.RELEASE\spring-beans-5.2.21.RELEASE.jar;C:\Users\nalab\.m2\repository\org\springframework\spring-core\5.2.21.RELEASE\spring-core-5.2.21.RELEASE.jar;C:\Users\nalab\.m2\repository\org\springframework\spring-jcl\5.2.21.RELEASE\spring-jcl-5.2.21.RELEASE.jar;C:\Users\nalab\.m2\repository\org\springframework\spring-expression\5.2.21.RELEASE\spring-expression-5.2.21.RELEASE.jar;C:\Users\nalab\.m2\repository\org\springframework\spring-jdbc\5.2.21.RELEASE\spring-jdbc-5.2.21.RELEASE.jar;C:\Users\nalab\.m2\repository\org\springframework\spring-tx\5.2.21.RELEASE\spring-tx-5.2.21.RELEASE.jar;C:\Users\nalab\.m2\repository\org\springframework\spring-orm\5.2.21.RELEASE\spring-orm-5.2.21.RELEASE.jar;C:\Users\nalab\.m2\repository\org\springframework\spring-webmvc\5.2.21.RELEASE\spring-webmvc-5.2.21.RELEASE.jar;C:\Users\nalab\.m2\repository\org\springframework\spring-web\5.2.21.RELEASE\spring-web-5.2.21.RELEASE.jar;C:\Users\nalab\.m2\repository\org\hibernate\hibernate-core\5.6.15.Final\hibernate-core-5.6.15.Final.jar;C:\Users\nalab\.m2\repository\javax\persistence\javax.persistence-api\2.2\javax.persistence-api-2.2.jar;C:\Users\nalab\.m2\repository\net\bytebuddy\byte-buddy\1.12.18\byte-buddy-1.12.18.jar;C:\Users\nalab\.m2\repository\antlr\antlr\2.7.7\antlr-2.7.7.jar;C:\Users\nalab\.m2\repository\org\jboss\spec\javax\transaction\jboss-transaction-api_1.2_spec\1.1.1.Final\jboss-transaction-api_1.2_spec-1.1.1.Final.jar;C:\Users\nalab\.m2\repository\org\jboss\jandex\2.4.2.Final\jandex-2.4.2.Final.jar;C:\Users\nalab\.m2\repository\com\fasterxml\classmate\1.5.1\classmate-1.5.1.jar;C:\Users\nalab\.m2\repository\javax\activation\javax.activation-api\1.2.0\javax.activation-api-1.2.0.jar;C:\Users\nalab\.m2\repository\org\hibernate\common\hibernate-commons-annotations\5.1.2.Final\hibernate-commons-annotations-5.1.2.Final.jar;C:\Users\nalab\.m2\repository\javax\xml\bind\jaxb-api\2.3.1\jaxb-api-2.3.1.jar;C:\Users\nalab\.m2\repository\org\glassfish\jaxb\jaxb-runtime\2.3.1\jaxb-runtime-2.3.1.jar;C:\Users\nalab\.m2\repository\org\glassfish\jaxb\txw2\2.3.1\txw2-2.3.1.jar;C:\Users\nalab\.m2\repository\com\sun\istack\istack-commons-runtime\3.0.7\istack-commons-runtime-3.0.7.jar;C:\Users\nalab\.m2\repository\org\jvnet\staxex\stax-ex\1.8\stax-ex-1.8.jar;C:\Users\nalab\.m2\repository\com\sun\xml\fastinfoset\FastInfoset\1.2.15\FastInfoset-1.2.15.jar;"/>
    <property name="sun.cpu.endian" value="little"/>
    <property name="user.home" value="C:\Users\nalab"/>
    <property name="user.language" value="en"/>
    <property name="java.specification.vendor" value="Oracle Corporation"/>
    <property name="java.home" value="C:\Program Files\Java\jdk1.8.0_341\jre"/>
    <property name="basedir" value="C:\Users\nalab\eclipse-workspace\SpringMavenProject"/>
    <property name="style.color" value="always"/>
    <property name="file.separator" value="\"/>
    <property name="line.separator" value="&#10;"/>
    <property name="java.vm.specification.vendor" value="Oracle Corporation"/>
    <property name="java.specification.name" value="Java Platform API Specification"/>
    <property name="java.awt.graphicsenv" value="sun.awt.Win32GraphicsEnvironment"/>
    <property name="surefire.real.class.path" value="C:\Users\nalab\AppData\Local\Temp\surefire4858247563306447852\surefirebooter2579391961612191949.jar"/>
    <property name="sun.boot.class.path" value="C:\Program Files\Java\jdk1.8.0_341\jre\lib\resources.jar;C:\Program Files\Java\jdk1.8.0_341\jre\lib\rt.jar;C:\Program Files\Java\jdk1.8.0_341\jre\lib\jsse.jar;C:\Program Files\Java\jdk1.8.0_341\jre\lib\jce.jar;C:\Program Files\Java\jdk1.8.0_341\jre\lib\charsets.jar;C:\Program Files\Java\jdk1.8.0_341\jre\lib\jfr.jar;C:\Program Files\Java\jdk1.8.0_341\jre\classes"/>
    <property name="user.script" value=""/>
    <property name="sun.management.compiler" value="HotSpot 64-Bit Tiered Compilers"/>
    <property name="java.runtime.version" value="1.8.0_341-b10"/>
    <property name="user.name" value="nalab"/>
    <property name="path.separator" value=";"/>
    <property name="os.version" value="10.0"/>
    <property name="java.endorsed.dirs" value="C:\Program Files\Java\jdk1.8.0_341\jre\lib\endorsed"/>
    <property name="java.runtime.name" value="Java(TM) SE Runtime Environment"/>
    <property name="file.encoding" value="Cp1252"/>
    <property name="java.vm.name" value="Java HotSpot(TM) 64-Bit Server VM"/>
    <property name="localRepository" value="C:\Users\nalab\.m2\repository"/>
    <property name="java.vendor.url.bug" value="http://bugreport.sun.com/bugreport/"/>
    <property name="java.io.tmpdir" value="C:\Users\nalab\AppData\Local\Temp\"/>
    <property name="java.version" value="1.8.0_341"/>
    <property name="user.dir" value="C:\Users\nalab\eclipse-workspace\SpringMavenProject"/>
    <property name="os.arch" value="amd64"/>
    <property name="java.vm.specification.name" value="Java Virtual Machine Specification"/>
    <property name="java.awt.printerjob" value="sun.awt.windows.WPrinterJob"/>
    <property name="sun.os.patch.level" value=""/>
    <property name="java.library.path" value="C:\Program Files\Java\jdk1.8.0_341\jre\bin;C:\windows\Sun\Java\bin;C:\windows\system32;C:\windows;C:/Users/nalab/.p2/pool/plugins/org.eclipse.justj.openjdk.hotspot.jre.full.win32.x86_64_22.0.1.v20240426-1149/jre/bin/server;C:/Users/nalab/.p2/pool/plugins/org.eclipse.justj.openjdk.hotspot.jre.full.win32.x86_64_22.0.1.v20240426-1149/jre/bin;C:/Users/nalab/.p2/pool/plugins/org.eclipse.justj.openjdk.hotspot.jre.full.win32.x86_64_17.0.4.v20220903-1038/jre/bin/server;C:/Users/nalab/.p2/pool/plugins/org.eclipse.justj.openjdk.hotspot.jre.full.win32.x86_64_17.0.4.v20220903-1038/jre/bin;C:\Program Files\Microsoft\jdk-17.0.9.8-hotspot\bin;C:\Python312\Scripts\;C:\Python312\;C:\Program Files\Common Files\Oracle\Java\javapath;C:\Program Files (x86)\Common Files\Oracle\Java\javapath;C:\windows\system32;C:\windows;C:\windows\System32\Wbem;C:\windows\System32\WindowsPowerShell\v1.0\;C:\windows\System32\OpenSSH\;C:\Users\nalab\AppData\Local\Microsoft\WindowsApps;C:\adb;C:\Program Files\Java\jdk1.8.0_341\bin;C:\Program Files\PuTTY\;C:\Users\nalab\Documents\apache-maven-3.8.6\bin;C:\ProgramData\chocolatey\bin;C:\HashiCorp\Vagrant\bin;C:\Program Files\Git\cmd;C:\Program Files\Java\jdk1.8.0_211\bin;C:\ProgramData\chocolatey\lib\maven\apache-maven-3.8.6\bin;C:\neo4j\bin;C:\Program Files\Java\jdk-17\bin;C:\Program Files\Amazon\AWSCLIV2\;C:\Program Files\nodejs\;C:\Program Files\MySQL\MySQL Shell 8.0\bin\;C:\Users\nalab\AppData\Local\Microsoft\WindowsApps;C:\Users\nalab\AppData\Local\Programs\Microsoft VS Code\bin;C:\Users\nalab\AppData\Local\GitHubDesktop\bin;C:\Users\nalab\AppData\Roaming\npm;C:\Program Files\JetBrains\IntelliJ IDEA 2023.3.1\bin;;C:\windows\System32;;C:\windows\System32;;."/>
    <property name="java.vm.info" value="mixed mode"/>
    <property name="java.vendor" value="Oracle Corporation"/>
    <property name="java.vm.version" value="25.341-b10"/>
    <property name="java.ext.dirs" value="C:\Program Files\Java\jdk1.8.0_341\jre\lib\ext;C:\windows\Sun\Java\lib\ext"/>
    <property name="sun.io.unicode.encoding" value="UnicodeLittle"/>
    <property name="java.class.version" value="52.0"/>
  </properties>
  <testcase name="shouldAnswerWithTrue" classname="in.ineuron.AppTest" time="0.003"/>
</testsuite>